[2026-01-17T14:21:06.853Z] QUERY: SELECT * FROM "User" WHERE "id" = $1 LIMIT 1 | PARAMS: ["13216be6-8f34-4d1e-b788-65e3c718f3ba"]
[2026-01-17T14:21:06.878Z] QUERY: SELECT * FROM "User" WHERE "id" = $1 LIMIT 1 | PARAMS: ["13216be6-8f34-4d1e-b788-65e3c718f3ba"]
[2026-01-17T14:21:07.115Z] QUERY: SELECT * FROM "Unit" | PARAMS: []
[2026-01-17T14:21:07.123Z] QUERY: SELECT * FROM "Tenant" | PARAMS: []
[2026-01-17T14:21:07.375Z] QUERY: SELECT * FROM "User" WHERE "id" = $1 LIMIT 1 | PARAMS: ["13216be6-8f34-4d1e-b788-65e3c718f3ba"]
[2026-01-17T14:21:07.386Z] QUERY: SELECT * FROM "User" WHERE "id" = $1 LIMIT 1 | PARAMS: ["13216be6-8f34-4d1e-b788-65e3c718f3ba"]
[2026-01-17T14:21:07.614Z] QUERY: SELECT * FROM "Unit" | PARAMS: []
[2026-01-17T14:21:07.624Z] QUERY: SELECT * FROM "Tenant" | PARAMS: []
[2026-01-17T14:21:09.226Z] QUERY: SELECT * FROM "User" WHERE "id" = $1 LIMIT 1 | PARAMS: ["13216be6-8f34-4d1e-b788-65e3c718f3ba"]
[2026-01-17T14:21:09.252Z] QUERY: SELECT * FROM "User" WHERE "id" = $1 LIMIT 1 | PARAMS: ["13216be6-8f34-4d1e-b788-65e3c718f3ba"]
[2026-01-17T14:21:09.459Z] QUERY: SELECT COUNT(*) FROM "Property" | PARAMS: []
[2026-01-17T14:21:09.484Z] QUERY: SELECT * FROM "User" | PARAMS: []
[2026-01-17T14:21:09.725Z] QUERY: SELECT COUNT(*) FROM "Property" WHERE "status" = $1 | PARAMS: ["available"]
[2026-01-17T14:21:09.735Z] QUERY: SELECT * FROM "User" WHERE "id" = $1 LIMIT 1 | PARAMS: ["13216be6-8f34-4d1e-b788-65e3c718f3ba"]
[2026-01-17T14:21:10.027Z] QUERY: SELECT * FROM "User" | PARAMS: []
[2026-01-17T14:21:10.029Z] QUERY: SELECT COUNT(*) FROM "Property" WHERE "status" = $1 | PARAMS: ["rented"]
[2026-01-17T14:21:10.278Z] QUERY: SELECT COUNT(*) FROM "Property" WHERE "status" = $1 | PARAMS: ["sold"]
[2026-01-17T14:21:10.509Z] QUERY: SELECT COUNT(*) FROM "Tenant" | PARAMS: []
[2026-01-17T14:21:10.740Z] QUERY: SELECT COUNT(*) FROM "User" WHERE "role" = $1 | PARAMS: ["customer"]
[2026-01-17T14:21:10.971Z] QUERY: SELECT COUNT(*) FROM "Unit" | PARAMS: []
[2026-01-17T14:21:11.202Z] QUERY: SELECT COUNT(*) FROM "Unit" WHERE "status" = $1 | PARAMS: ["occupied"]
[2026-01-17T14:21:11.432Z] QUERY: SELECT COUNT(*) FROM "Maintenance" WHERE "status" = $1 | PARAMS: ["pending"]
[2026-01-17T14:21:11.666Z] QUERY: SELECT COUNT(*) FROM "Request" WHERE "status" = $1 | PARAMS: ["pending"]
[2026-01-17T14:21:11.898Z] QUERY: SELECT COUNT(*) FROM "Property" WHERE "type" IN ($1, $2, $3, $4, $5, $6) | PARAMS: ["Land","Land for Sale","Commercial Land","Residential Land","Farm Land","Investment Land"]
[2026-01-17T14:21:12.135Z] QUERY: SELECT * FROM "Payment" WHERE "status" = $1 | PARAMS: ["paid"]
[2026-01-17T14:21:12.316Z] QUERY: SELECT * FROM "Property" | PARAMS: []
[2026-01-17T14:21:12.380Z] QUERY: SELECT * FROM "Expense" | PARAMS: []
[2026-01-17T14:21:12.667Z] QUERY: SELECT * FROM "Property" | PARAMS: []
[2026-01-17T14:21:12.675Z] QUERY: SELECT * FROM "User" WHERE "id" = $1 LIMIT 1 | PARAMS: ["13216be6-8f34-4d1e-b788-65e3c718f3ba"]
[2026-01-17T14:21:12.913Z] QUERY: SELECT COUNT(*) FROM "Property" | PARAMS: []
[2026-01-17T14:21:13.191Z] QUERY: SELECT COUNT(*) FROM "Property" WHERE "status" = $1 | PARAMS: ["available"]
[2026-01-17T14:21:13.467Z] QUERY: SELECT COUNT(*) FROM "Property" WHERE "status" = $1 | PARAMS: ["rented"]
[2026-01-17T14:21:13.929Z] QUERY: SELECT COUNT(*) FROM "Property" WHERE "status" = $1 | PARAMS: ["sold"]
[2026-01-17T14:21:14.418Z] QUERY: SELECT COUNT(*) FROM "Tenant" | PARAMS: []
[2026-01-17T14:21:14.689Z] QUERY: SELECT COUNT(*) FROM "User" WHERE "role" = $1 | PARAMS: ["customer"]
[2026-01-17T14:21:14.996Z] QUERY: SELECT COUNT(*) FROM "Unit" | PARAMS: []
[2026-01-17T14:21:15.098Z] QUERY: SELECT * FROM "Property" | PARAMS: []
[2026-01-17T14:21:15.245Z] QUERY: SELECT COUNT(*) FROM "Unit" WHERE "status" = $1 | PARAMS: ["occupied"]
[2026-01-17T14:21:15.413Z] QUERY: SELECT * FROM "Property" | PARAMS: []
[2026-01-17T14:21:15.591Z] QUERY: SELECT COUNT(*) FROM "Maintenance" WHERE "status" = $1 | PARAMS: ["pending"]
[2026-01-17T14:21:15.830Z] QUERY: SELECT COUNT(*) FROM "Request" WHERE "status" = $1 | PARAMS: ["pending"]
[2026-01-17T14:21:16.383Z] QUERY: SELECT COUNT(*) FROM "Property" WHERE "type" IN ($1, $2, $3, $4, $5, $6) | PARAMS: ["Land","Land for Sale","Commercial Land","Residential Land","Farm Land","Investment Land"]
[2026-01-17T14:21:16.729Z] QUERY: SELECT * FROM "Payment" WHERE "status" = $1 | PARAMS: ["paid"]
[2026-01-17T14:21:16.975Z] QUERY: SELECT * FROM "Expense" | PARAMS: []
[2026-01-17T14:21:17.783Z] QUERY: SELECT * FROM "User" WHERE "id" = $1 LIMIT 1 | PARAMS: ["13216be6-8f34-4d1e-b788-65e3c718f3ba"]
[2026-01-17T14:21:17.804Z] QUERY: SELECT * FROM "Property" | PARAMS: []
[2026-01-17T14:21:18.032Z] QUERY: SELECT * FROM "Unit" | PARAMS: []
[2026-01-17T14:21:18.047Z] QUERY: SELECT * FROM "Property" | PARAMS: []
[2026-01-17T14:21:18.278Z] QUERY: SELECT * FROM "User" WHERE "id" = $1 LIMIT 1 | PARAMS: ["13216be6-8f34-4d1e-b788-65e3c718f3ba"]
[2026-01-17T14:21:18.530Z] QUERY: SELECT * FROM "Unit" | PARAMS: []
[2026-01-17T14:21:35.657Z] QUERY: SELECT * FROM "User" WHERE "id" = $1 LIMIT 1 | PARAMS: ["13216be6-8f34-4d1e-b788-65e3c718f3ba"]
[2026-01-17T14:21:35.876Z] QUERY: SELECT * FROM "Unit" WHERE "id" = $1 LIMIT 1 | PARAMS: ["832c19ac-3c4c-4393-80ae-16df32cff3fe"]
[2026-01-17T14:21:36.101Z] QUERY: UPDATE "Unit" SET "property_id" = $1, "unit_number" = $2, "type" = $3, "rent_amount" = $4, "status" = $5 WHERE "id" = $6 RETURNING * | PARAMS: ["9c4eba77-ea8f-4923-9fc3-ae66327668c4","3","2",500,"available","832c19ac-3c4c-4393-80ae-16df32cff3fe"]
[2026-01-17T14:21:38.315Z] QUERY: SELECT * FROM "User" WHERE "id" = $1 LIMIT 1 | PARAMS: ["13216be6-8f34-4d1e-b788-65e3c718f3ba"]
[2026-01-17T14:21:38.536Z] QUERY: SELECT * FROM "Lease" | PARAMS: []
[2026-01-17T14:21:38.812Z] QUERY: SELECT * FROM "User" WHERE "id" = $1 LIMIT 1 | PARAMS: ["13216be6-8f34-4d1e-b788-65e3c718f3ba"]
[2026-01-17T14:21:39.029Z] QUERY: SELECT * FROM "Lease" | PARAMS: []
[2026-01-17T14:21:39.721Z] QUERY: SELECT * FROM "User" WHERE "id" = $1 LIMIT 1 | PARAMS: ["13216be6-8f34-4d1e-b788-65e3c718f3ba"]
[2026-01-17T14:21:39.725Z] QUERY: SELECT * FROM "User" WHERE "id" = $1 LIMIT 1 | PARAMS: ["13216be6-8f34-4d1e-b788-65e3c718f3ba"]
[2026-01-17T14:21:39.758Z] QUERY: SELECT * FROM "User" WHERE "id" = $1 LIMIT 1 | PARAMS: ["13216be6-8f34-4d1e-b788-65e3c718f3ba"]
[2026-01-17T14:21:39.761Z] QUERY: SELECT * FROM "Property" | PARAMS: []
[2026-01-17T14:21:39.934Z] QUERY: SELECT * FROM "Tenant" | PARAMS: []
[2026-01-17T14:21:39.939Z] QUERY: SELECT * FROM "Guarantor" | PARAMS: []
[2026-01-17T14:21:39.974Z] QUERY: SELECT * FROM "Unit" | PARAMS: []
[2026-01-17T14:21:39.988Z] QUERY: SELECT * FROM "Property" | PARAMS: []
[2026-01-17T14:21:40.159Z] QUERY: SELECT * FROM "User" WHERE "id" = $1 LIMIT 1 | PARAMS: ["13216be6-8f34-4d1e-b788-65e3c718f3ba"]
[2026-01-17T14:21:40.165Z] QUERY: SELECT * FROM "User" WHERE "id" = $1 LIMIT 1 | PARAMS: ["13216be6-8f34-4d1e-b788-65e3c718f3ba"]
[2026-01-17T14:21:40.200Z] QUERY: SELECT * FROM "User" WHERE "id" = $1 LIMIT 1 | PARAMS: ["13216be6-8f34-4d1e-b788-65e3c718f3ba"]
[2026-01-17T14:21:40.403Z] QUERY: SELECT * FROM "Tenant" | PARAMS: []
[2026-01-17T14:21:40.408Z] QUERY: SELECT * FROM "Guarantor" | PARAMS: []
[2026-01-17T14:21:40.430Z] QUERY: SELECT * FROM "Unit" | PARAMS: []
[2026-01-17T14:22:14.690Z] QUERY: SELECT * FROM "User" WHERE "id" = $1 LIMIT 1 | PARAMS: ["13216be6-8f34-4d1e-b788-65e3c718f3ba"]
[2026-01-17T14:22:14.953Z] QUERY: INSERT INTO "Lease" ("tenant_id", "unit_id", "start_date", "end_date", "rent_amount", "deposit", "rent_cycle", "auto_invoice", "status", "guarantor_name", "guarantor_phone", "guarantor_i_d", "conditions", "vehicle_make", "vehicle_model", "vehicle_plate", "weapon_type", "weapon_license", "witness1_name", "witness1_phone", "witness1_i_d", "witness2_name", "witness2_phone", "witness2_i_d", "witness3_name", "witness3_phone", "witness3_i_d", "guarantor_id") VALUES ($1, $2, $3, $4, $5, $6, $7, $8, $9, $10, $11, $12, $13, $14, $15, $16, $17, $18, $19, $20, $21, $22, $23, $24, $25, $26, $27, $28) RETURNING * | PARAMS: ["68af877f-9745-4a0d-a84e-020131b47b49","","2026-01-17T00:00:00.000Z","2026-01-31T00:00:00.000Z",500,100,"monthly",true,"active","","","","","","","","","","","","","","","","","","",null]
[ERROR] invalid input syntax for type uuid: ""
[2026-01-17T14:22:20.868Z] QUERY: SELECT * FROM "User" WHERE "id" = $1 LIMIT 1 | PARAMS: ["13216be6-8f34-4d1e-b788-65e3c718f3ba"]
[2026-01-17T14:22:21.316Z] QUERY: SELECT * FROM "Lease" | PARAMS: []
[2026-01-17T14:22:21.555Z] QUERY: SELECT * FROM "User" WHERE "id" = $1 LIMIT 1 | PARAMS: ["13216be6-8f34-4d1e-b788-65e3c718f3ba"]
[2026-01-17T14:22:21.814Z] QUERY: SELECT * FROM "Lease" | PARAMS: []
[2026-01-17T14:22:22.526Z] QUERY: SELECT * FROM "Property" | PARAMS: []
[2026-01-17T14:22:22.529Z] QUERY: SELECT * FROM "User" WHERE "id" = $1 LIMIT 1 | PARAMS: ["13216be6-8f34-4d1e-b788-65e3c718f3ba"]
[2026-01-17T14:22:22.835Z] QUERY: SELECT * FROM "Tenant" | PARAMS: []
[2026-01-17T14:22:22.839Z] QUERY: SELECT * FROM "User" WHERE "id" = $1 LIMIT 1 | PARAMS: ["13216be6-8f34-4d1e-b788-65e3c718f3ba"]
[2026-01-17T14:22:22.843Z] QUERY: SELECT * FROM "User" WHERE "id" = $1 LIMIT 1 | PARAMS: ["13216be6-8f34-4d1e-b788-65e3c718f3ba"]
[2026-01-17T14:22:22.847Z] QUERY: SELECT * FROM "Property" | PARAMS: []
[2026-01-17T14:22:23.148Z] QUERY: SELECT * FROM "Unit" | PARAMS: []
[2026-01-17T14:22:23.152Z] QUERY: SELECT * FROM "Guarantor" | PARAMS: []
[2026-01-17T14:22:23.158Z] QUERY: SELECT * FROM "User" WHERE "id" = $1 LIMIT 1 | PARAMS: ["13216be6-8f34-4d1e-b788-65e3c718f3ba"]
[2026-01-17T14:22:23.372Z] QUERY: SELECT * FROM "Tenant" | PARAMS: []
[2026-01-17T14:22:23.389Z] QUERY: SELECT * FROM "User" WHERE "id" = $1 LIMIT 1 | PARAMS: ["13216be6-8f34-4d1e-b788-65e3c718f3ba"]
[2026-01-17T14:22:23.397Z] QUERY: SELECT * FROM "User" WHERE "id" = $1 LIMIT 1 | PARAMS: ["13216be6-8f34-4d1e-b788-65e3c718f3ba"]
[2026-01-17T14:22:23.622Z] QUERY: SELECT * FROM "Unit" | PARAMS: []
[2026-01-17T14:22:23.630Z] QUERY: SELECT * FROM "Guarantor" | PARAMS: []
[2026-01-17T14:22:26.032Z] QUERY: SELECT * FROM "User" WHERE "id" = $1 LIMIT 1 | PARAMS: ["13216be6-8f34-4d1e-b788-65e3c718f3ba"]
[2026-01-17T14:22:26.261Z] QUERY: SELECT * FROM "Guarantor" | PARAMS: []
[2026-01-17T14:22:26.499Z] QUERY: SELECT * FROM "User" WHERE "id" = $1 LIMIT 1 | PARAMS: ["13216be6-8f34-4d1e-b788-65e3c718f3ba"]
[2026-01-17T14:22:26.730Z] QUERY: SELECT * FROM "Guarantor" | PARAMS: []
[2026-01-17T14:22:32.932Z] QUERY: SELECT * FROM "User" WHERE "id" = $1 LIMIT 1 | PARAMS: ["13216be6-8f34-4d1e-b788-65e3c718f3ba"]
[2026-01-17T14:22:32.941Z] QUERY: SELECT * FROM "User" WHERE "id" = $1 LIMIT 1 | PARAMS: ["13216be6-8f34-4d1e-b788-65e3c718f3ba"]
[2026-01-17T14:22:32.948Z] QUERY: SELECT * FROM "Setting" | PARAMS: []
[2026-01-17T14:22:33.165Z] QUERY: SELECT * FROM "Payment" | PARAMS: []
[2026-01-17T14:22:33.169Z] QUERY: INSERT INTO "Setting" ("company_name", "currency") VALUES ($1, $2) RETURNING * | PARAMS: ["Ayatiin Property Management","USD"]
[2026-01-17T14:22:33.174Z] QUERY: SELECT * FROM "Lease" | PARAMS: []
[2026-01-17T14:22:33.495Z] QUERY: SELECT * FROM "User" WHERE "id" = $1 LIMIT 1 | PARAMS: ["13216be6-8f34-4d1e-b788-65e3c718f3ba"]
[2026-01-17T14:22:33.501Z] QUERY: SELECT * FROM "Setting" | PARAMS: []
[2026-01-17T14:22:33.512Z] QUERY: SELECT * FROM "User" WHERE "id" = $1 LIMIT 1 | PARAMS: ["13216be6-8f34-4d1e-b788-65e3c718f3ba"]
[2026-01-17T14:22:33.725Z] QUERY: SELECT * FROM "Lease" | PARAMS: []
[2026-01-17T14:22:33.742Z] QUERY: SELECT * FROM "Payment" | PARAMS: []
[2026-01-17T14:22:37.454Z] QUERY: SELECT * FROM "User" WHERE "id" = $1 LIMIT 1 | PARAMS: ["13216be6-8f34-4d1e-b788-65e3c718f3ba"]
[2026-01-17T14:22:37.708Z] QUERY: SELECT * FROM "Lease" WHERE "status" = $1 AND "auto_invoice" = $2 | PARAMS: ["active",true]
[2026-01-17T14:22:41.326Z] QUERY: SELECT * FROM "User" WHERE "id" = $1 LIMIT 1 | PARAMS: ["13216be6-8f34-4d1e-b788-65e3c718f3ba"]
[2026-01-17T14:22:41.338Z] QUERY: SELECT * FROM "User" WHERE "id" = $1 LIMIT 1 | PARAMS: ["13216be6-8f34-4d1e-b788-65e3c718f3ba"]
[2026-01-17T14:22:41.557Z] QUERY: SELECT COUNT(*) FROM "Property" | PARAMS: []
[2026-01-17T14:22:41.569Z] QUERY: SELECT * FROM "User" | PARAMS: []
[2026-01-17T14:22:41.786Z] QUERY: SELECT COUNT(*) FROM "Property" WHERE "status" = $1 | PARAMS: ["available"]
[2026-01-17T14:22:41.814Z] QUERY: SELECT * FROM "User" WHERE "id" = $1 LIMIT 1 | PARAMS: ["13216be6-8f34-4d1e-b788-65e3c718f3ba"]
[2026-01-17T14:22:42.015Z] QUERY: SELECT COUNT(*) FROM "Property" WHERE "status" = $1 | PARAMS: ["rented"]
[2026-01-17T14:22:42.045Z] QUERY: SELECT * FROM "User" | PARAMS: []
[2026-01-17T14:22:42.387Z] QUERY: SELECT COUNT(*) FROM "Property" WHERE "status" = $1 | PARAMS: ["sold"]
[2026-01-17T14:22:42.710Z] QUERY: SELECT COUNT(*) FROM "Tenant" | PARAMS: []
[2026-01-17T14:22:43.003Z] QUERY: SELECT COUNT(*) FROM "User" WHERE "role" = $1 | PARAMS: ["customer"]
[2026-01-17T14:22:43.313Z] QUERY: SELECT COUNT(*) FROM "Unit" | PARAMS: []
[2026-01-17T14:22:43.542Z] QUERY: SELECT COUNT(*) FROM "Unit" WHERE "status" = $1 | PARAMS: ["occupied"]
[2026-01-17T14:22:43.805Z] QUERY: SELECT COUNT(*) FROM "Maintenance" WHERE "status" = $1 | PARAMS: ["pending"]
[2026-01-17T14:22:44.036Z] QUERY: SELECT COUNT(*) FROM "Request" WHERE "status" = $1 | PARAMS: ["pending"]
[2026-01-17T14:22:44.222Z] QUERY: SELECT * FROM "Property" | PARAMS: []
[2026-01-17T14:22:44.266Z] QUERY: SELECT COUNT(*) FROM "Property" WHERE "type" IN ($1, $2, $3, $4, $5, $6) | PARAMS: ["Land","Land for Sale","Commercial Land","Residential Land","Farm Land","Investment Land"]
[2026-01-17T14:22:44.462Z] QUERY: SELECT * FROM "Property" | PARAMS: []
[2026-01-17T14:22:44.498Z] QUERY: SELECT * FROM "Payment" WHERE "status" = $1 | PARAMS: ["paid"]
[2026-01-17T14:22:44.730Z] QUERY: SELECT * FROM "Expense" | PARAMS: []
[2026-01-17T14:22:44.967Z] QUERY: SELECT * FROM "User" WHERE "id" = $1 LIMIT 1 | PARAMS: ["13216be6-8f34-4d1e-b788-65e3c718f3ba"]
[2026-01-17T14:22:45.201Z] QUERY: SELECT COUNT(*) FROM "Property" | PARAMS: []
[2026-01-17T14:22:45.455Z] QUERY: SELECT * FROM "User" WHERE "id" = $1 LIMIT 1 | PARAMS: ["13216be6-8f34-4d1e-b788-65e3c718f3ba"]
[2026-01-17T14:22:45.464Z] QUERY: SELECT COUNT(*) FROM "Property" WHERE "status" = $1 | PARAMS: ["available"]
[2026-01-17T14:22:45.687Z] QUERY: SELECT * FROM "Unit" | PARAMS: []
[2026-01-17T14:22:45.693Z] QUERY: SELECT COUNT(*) FROM "Property" WHERE "status" = $1 | PARAMS: ["rented"]
[2026-01-17T14:22:45.924Z] QUERY: SELECT COUNT(*) FROM "Property" WHERE "status" = $1 | PARAMS: ["sold"]
[2026-01-17T14:22:45.931Z] QUERY: SELECT * FROM "User" WHERE "id" = $1 LIMIT 1 | PARAMS: ["13216be6-8f34-4d1e-b788-65e3c718f3ba"]
[2026-01-17T14:22:46.181Z] QUERY: SELECT COUNT(*) FROM "Tenant" | PARAMS: []
[2026-01-17T14:22:46.185Z] QUERY: SELECT * FROM "Unit" | PARAMS: []
[2026-01-17T14:22:46.463Z] QUERY: SELECT COUNT(*) FROM "User" WHERE "role" = $1 | PARAMS: ["customer"]
[2026-01-17T14:22:46.755Z] QUERY: SELECT COUNT(*) FROM "Unit" | PARAMS: []
[2026-01-17T14:22:47.039Z] QUERY: SELECT COUNT(*) FROM "Unit" WHERE "status" = $1 | PARAMS: ["occupied"]
[2026-01-17T14:22:47.042Z] QUERY: SELECT * FROM "Property" | PARAMS: []
[2026-01-17T14:22:47.310Z] QUERY: SELECT COUNT(*) FROM "Maintenance" WHERE "status" = $1 | PARAMS: ["pending"]
[2026-01-17T14:22:47.394Z] QUERY: SELECT * FROM "Property" | PARAMS: []
[2026-01-17T14:22:47.611Z] QUERY: SELECT COUNT(*) FROM "Request" WHERE "status" = $1 | PARAMS: ["pending"]
[2026-01-17T14:22:47.905Z] QUERY: SELECT COUNT(*) FROM "Property" WHERE "type" IN ($1, $2, $3, $4, $5, $6) | PARAMS: ["Land","Land for Sale","Commercial Land","Residential Land","Farm Land","Investment Land"]
[2026-01-17T14:22:48.171Z] QUERY: SELECT * FROM "Payment" WHERE "status" = $1 | PARAMS: ["paid"]
[2026-01-17T14:22:48.420Z] QUERY: SELECT * FROM "Expense" | PARAMS: []
[2026-01-17T14:22:48.486Z] QUERY: SELECT * FROM "User" WHERE "id" = $1 LIMIT 1 | PARAMS: ["13216be6-8f34-4d1e-b788-65e3c718f3ba"]
[2026-01-17T14:22:48.488Z] QUERY: SELECT * FROM "Property" | PARAMS: []
[2026-01-17T14:22:48.738Z] QUERY: SELECT * FROM "Unit" | PARAMS: []
[2026-01-17T14:22:48.751Z] QUERY: SELECT * FROM "Property" | PARAMS: []
[2026-01-17T14:22:48.996Z] QUERY: SELECT * FROM "User" WHERE "id" = $1 LIMIT 1 | PARAMS: ["13216be6-8f34-4d1e-b788-65e3c718f3ba"]
[2026-01-17T14:22:49.250Z] QUERY: SELECT * FROM "Unit" | PARAMS: []
[2026-01-17T14:22:50.595Z] QUERY: SELECT * FROM "User" WHERE "id" = $1 LIMIT 1 | PARAMS: ["13216be6-8f34-4d1e-b788-65e3c718f3ba"]
[2026-01-17T14:22:50.606Z] QUERY: SELECT * FROM "User" WHERE "id" = $1 LIMIT 1 | PARAMS: ["13216be6-8f34-4d1e-b788-65e3c718f3ba"]
[2026-01-17T14:22:50.836Z] QUERY: SELECT * FROM "Tenant" | PARAMS: []
[2026-01-17T14:22:50.839Z] QUERY: SELECT * FROM "Unit" | PARAMS: []
[2026-01-17T14:22:51.072Z] QUERY: SELECT * FROM "User" WHERE "id" = $1 LIMIT 1 | PARAMS: ["13216be6-8f34-4d1e-b788-65e3c718f3ba"]
[2026-01-17T14:22:51.079Z] QUERY: SELECT * FROM "User" WHERE "id" = $1 LIMIT 1 | PARAMS: ["13216be6-8f34-4d1e-b788-65e3c718f3ba"]
[2026-01-17T14:22:51.301Z] QUERY: SELECT * FROM "Tenant" | PARAMS: []
[2026-01-17T14:22:51.309Z] QUERY: SELECT * FROM "Unit" | PARAMS: []
[2026-01-17T14:23:09.735Z] QUERY: SELECT * FROM "User" WHERE "id" = $1 LIMIT 1 | PARAMS: ["13216be6-8f34-4d1e-b788-65e3c718f3ba"]
[2026-01-17T14:23:09.959Z] QUERY: INSERT INTO "Tenant" ("name", "email", "phone", "emergency_contact") VALUES ($1, $2, $3, $4) RETURNING * | PARAMS: ["moo","moha22@gmail.com","616111921",null]
[2026-01-17T14:23:10.179Z] QUERY: UPDATE "Unit" SET "status" = $1 WHERE "id" = $2 RETURNING * | PARAMS: ["occupied","832c19ac-3c4c-4393-80ae-16df32cff3fe"]
[2026-01-17T14:23:10.421Z] QUERY: SELECT * FROM "User" WHERE "id" = $1 LIMIT 1 | PARAMS: ["13216be6-8f34-4d1e-b788-65e3c718f3ba"]
[2026-01-17T14:23:10.640Z] QUERY: SELECT * FROM "Tenant" | PARAMS: []
[2026-01-17T14:23:11.923Z] QUERY: SELECT * FROM "User" WHERE "id" = $1 LIMIT 1 | PARAMS: ["13216be6-8f34-4d1e-b788-65e3c718f3ba"]
[2026-01-17T14:23:12.152Z] QUERY: SELECT * FROM "Unit" | PARAMS: []
[2026-01-17T14:23:20.181Z] QUERY: SELECT * FROM "User" WHERE "id" = $1 LIMIT 1 | PARAMS: ["13216be6-8f34-4d1e-b788-65e3c718f3ba"]
[2026-01-17T14:23:20.487Z] QUERY: SELECT * FROM "Tenant" WHERE "id" = $1 LIMIT 1 | PARAMS: ["18a18cd0-428c-4899-96f8-e3c9664ea14c"]
[2026-01-17T14:23:26.956Z] QUERY: SELECT * FROM "User" WHERE "id" = $1 LIMIT 1 | PARAMS: ["13216be6-8f34-4d1e-b788-65e3c718f3ba"]
[2026-01-17T14:23:27.345Z] QUERY: SELECT * FROM "Tenant" WHERE "id" = $1 LIMIT 1 | PARAMS: ["18a18cd0-428c-4899-96f8-e3c9664ea14c"]
[2026-01-17T14:23:39.949Z] QUERY: SELECT * FROM "User" WHERE "id" = $1 LIMIT 1 | PARAMS: ["13216be6-8f34-4d1e-b788-65e3c718f3ba"]
[2026-01-17T14:23:40.184Z] QUERY: INSERT INTO "Tenant" ("name", "email", "phone", "emergency_contact") VALUES ($1, $2, $3, $4) RETURNING * | PARAMS: ["moo","moha22@gmail.com","6161119211",null]
[ERROR] duplicate key value violates unique constraint "Tenant_email_key"
[2026-01-17T14:23:52.563Z] QUERY: SELECT * FROM "Property" | PARAMS: []
[2026-01-17T14:23:52.784Z] QUERY: SELECT * FROM "User" WHERE "id" = $1 LIMIT 1 | PARAMS: ["13216be6-8f34-4d1e-b788-65e3c718f3ba"]
[2026-01-17T14:23:52.790Z] QUERY: SELECT * FROM "Property" | PARAMS: []
[2026-01-17T14:23:53.000Z] QUERY: SELECT * FROM "Unit" | PARAMS: []
[2026-01-17T14:23:53.223Z] QUERY: SELECT * FROM "User" WHERE "id" = $1 LIMIT 1 | PARAMS: ["13216be6-8f34-4d1e-b788-65e3c718f3ba"]
[2026-01-17T14:23:53.440Z] QUERY: SELECT * FROM "Unit" | PARAMS: []
[2026-01-17T14:23:56.715Z] QUERY: SELECT * FROM "User" WHERE "id" = $1 LIMIT 1 | PARAMS: ["13216be6-8f34-4d1e-b788-65e3c718f3ba"]
[2026-01-17T14:23:56.742Z] QUERY: SELECT * FROM "User" WHERE "id" = $1 LIMIT 1 | PARAMS: ["13216be6-8f34-4d1e-b788-65e3c718f3ba"]
[2026-01-17T14:23:57.040Z] QUERY: SELECT * FROM "Lease" | PARAMS: []
[2026-01-17T14:23:57.045Z] QUERY: SELECT * FROM "Tenant" | PARAMS: []
[2026-01-17T14:23:57.266Z] QUERY: SELECT * FROM "User" WHERE "id" = $1 LIMIT 1 | PARAMS: ["13216be6-8f34-4d1e-b788-65e3c718f3ba"]
[2026-01-17T14:23:57.284Z] QUERY: SELECT * FROM "User" WHERE "id" = $1 LIMIT 1 | PARAMS: ["13216be6-8f34-4d1e-b788-65e3c718f3ba"]
[2026-01-17T14:23:57.529Z] QUERY: SELECT * FROM "Lease" | PARAMS: []
[2026-01-17T14:23:57.535Z] QUERY: SELECT * FROM "Tenant" | PARAMS: []
[2026-01-17T14:23:58.271Z] QUERY: SELECT * FROM "User" WHERE "id" = $1 LIMIT 1 | PARAMS: ["13216be6-8f34-4d1e-b788-65e3c718f3ba"]
[2026-01-17T14:23:58.277Z] QUERY: SELECT * FROM "User" WHERE "id" = $1 LIMIT 1 | PARAMS: ["13216be6-8f34-4d1e-b788-65e3c718f3ba"]
[2026-01-17T14:23:58.281Z] QUERY: SELECT * FROM "Property" | PARAMS: []
[2026-01-17T14:23:58.487Z] QUERY: SELECT * FROM "Unit" | PARAMS: []
[2026-01-17T14:23:58.508Z] QUERY: SELECT * FROM "Guarantor" | PARAMS: []
[2026-01-17T14:23:58.525Z] QUERY: SELECT * FROM "Property" | PARAMS: []
[2026-01-17T14:23:58.714Z] QUERY: SELECT * FROM "User" WHERE "id" = $1 LIMIT 1 | PARAMS: ["13216be6-8f34-4d1e-b788-65e3c718f3ba"]
[2026-01-17T14:23:58.749Z] QUERY: SELECT * FROM "User" WHERE "id" = $1 LIMIT 1 | PARAMS: ["13216be6-8f34-4d1e-b788-65e3c718f3ba"]
[2026-01-17T14:23:58.986Z] QUERY: SELECT * FROM "Unit" | PARAMS: []
[2026-01-17T14:23:58.990Z] QUERY: SELECT * FROM "Guarantor" | PARAMS: []
[2026-01-17T14:24:28.991Z] QUERY: SELECT * FROM "User" WHERE "id" = $1 LIMIT 1 | PARAMS: ["13216be6-8f34-4d1e-b788-65e3c718f3ba"]
[2026-01-17T14:24:29.249Z] QUERY: SELECT * FROM "Guarantor" | PARAMS: []
[2026-01-17T14:24:29.510Z] QUERY: SELECT * FROM "User" WHERE "id" = $1 LIMIT 1 | PARAMS: ["13216be6-8f34-4d1e-b788-65e3c718f3ba"]
[2026-01-17T14:24:29.731Z] QUERY: SELECT * FROM "Guarantor" | PARAMS: []
[2026-01-17T14:24:54.178Z] QUERY: SELECT * FROM "User" WHERE "id" = $1 LIMIT 1 | PARAMS: ["13216be6-8f34-4d1e-b788-65e3c718f3ba"]
[2026-01-17T14:24:54.487Z] QUERY: SELECT * FROM "Guarantor" | PARAMS: []
[2026-01-17T14:24:54.711Z] QUERY: SELECT * FROM "User" WHERE "id" = $1 LIMIT 1 | PARAMS: ["13216be6-8f34-4d1e-b788-65e3c718f3ba"]
[2026-01-17T14:24:54.999Z] QUERY: SELECT * FROM "Guarantor" | PARAMS: []
[2026-01-17T14:25:14.265Z] QUERY: SELECT * FROM "User" WHERE "id" = $1 LIMIT 1 | PARAMS: ["13216be6-8f34-4d1e-b788-65e3c718f3ba"]
[2026-01-17T14:25:14.305Z] QUERY: SELECT * FROM "User" WHERE "id" = $1 LIMIT 1 | PARAMS: ["13216be6-8f34-4d1e-b788-65e3c718f3ba"]
[2026-01-17T14:25:14.519Z] QUERY: SELECT * FROM "User" | PARAMS: []
[2026-01-17T14:25:14.559Z] QUERY: SELECT COUNT(*) FROM "Property" | PARAMS: []
[2026-01-17T14:25:14.745Z] QUERY: SELECT * FROM "Property" | PARAMS: []
[2026-01-17T14:25:14.795Z] QUERY: SELECT COUNT(*) FROM "Property" WHERE "status" = $1 | PARAMS: ["available"]
[2026-01-17T14:25:14.971Z] QUERY: SELECT * FROM "Property" | PARAMS: []
[2026-01-17T14:25:15.032Z] QUERY: SELECT COUNT(*) FROM "Property" WHERE "status" = $1 | PARAMS: ["rented"]
[2026-01-17T14:25:15.263Z] QUERY: SELECT COUNT(*) FROM "Property" WHERE "status" = $1 | PARAMS: ["sold"]
[2026-01-17T14:25:15.495Z] QUERY: SELECT COUNT(*) FROM "Tenant" | PARAMS: []
[2026-01-17T14:25:15.727Z] QUERY: SELECT COUNT(*) FROM "User" WHERE "role" = $1 | PARAMS: ["customer"]
[2026-01-17T14:25:15.957Z] QUERY: SELECT COUNT(*) FROM "Unit" | PARAMS: []
[2026-01-17T14:25:16.194Z] QUERY: SELECT * FROM "User" WHERE "id" = $1 LIMIT 1 | PARAMS: ["13216be6-8f34-4d1e-b788-65e3c718f3ba"]
[2026-01-17T14:25:16.198Z] QUERY: SELECT COUNT(*) FROM "Unit" WHERE "status" = $1 | PARAMS: ["occupied"]
[2026-01-17T14:25:16.406Z] QUERY: SELECT * FROM "User" | PARAMS: []
[2026-01-17T14:25:16.428Z] QUERY: SELECT COUNT(*) FROM "Maintenance" WHERE "status" = $1 | PARAMS: ["pending"]
[2026-01-17T14:25:16.709Z] QUERY: SELECT COUNT(*) FROM "Request" WHERE "status" = $1 | PARAMS: ["pending"]
[2026-01-17T14:25:17.013Z] QUERY: SELECT COUNT(*) FROM "Property" WHERE "type" IN ($1, $2, $3, $4, $5, $6) | PARAMS: ["Land","Land for Sale","Commercial Land","Residential Land","Farm Land","Investment Land"]
[2026-01-17T14:25:17.245Z] QUERY: SELECT * FROM "Payment" WHERE "status" = $1 | PARAMS: ["paid"]
[2026-01-17T14:25:17.478Z] QUERY: SELECT * FROM "Expense" | PARAMS: []
[2026-01-17T14:25:17.740Z] QUERY: SELECT * FROM "User" WHERE "id" = $1 LIMIT 1 | PARAMS: ["13216be6-8f34-4d1e-b788-65e3c718f3ba"]
[2026-01-17T14:25:18.045Z] QUERY: SELECT COUNT(*) FROM "Property" | PARAMS: []
[2026-01-17T14:25:18.280Z] QUERY: SELECT COUNT(*) FROM "Property" WHERE "status" = $1 | PARAMS: ["available"]
[2026-01-17T14:25:18.512Z] QUERY: SELECT COUNT(*) FROM "Property" WHERE "status" = $1 | PARAMS: ["rented"]
[2026-01-17T14:25:18.796Z] QUERY: SELECT * FROM "User" WHERE "id" = $1 LIMIT 1 | PARAMS: ["13216be6-8f34-4d1e-b788-65e3c718f3ba"]
[2026-01-17T14:25:18.805Z] QUERY: SELECT COUNT(*) FROM "Property" WHERE "status" = $1 | PARAMS: ["sold"]
[2026-01-17T14:25:19.011Z] QUERY: SELECT * FROM "Property" WHERE "id" = $1 LIMIT 1 | PARAMS: ["25964b60-06e4-4aee-88ce-636a26c23558"]
[2026-01-17T14:25:19.035Z] QUERY: SELECT COUNT(*) FROM "Tenant" | PARAMS: []
[2026-01-17T14:25:19.372Z] QUERY: DELETE FROM "Property" WHERE "id" = $1 | PARAMS: ["25964b60-06e4-4aee-88ce-636a26c23558"]
[2026-01-17T14:25:19.375Z] QUERY: SELECT COUNT(*) FROM "User" WHERE "role" = $1 | PARAMS: ["customer"]
[2026-01-17T14:25:19.606Z] QUERY: SELECT COUNT(*) FROM "Unit" | PARAMS: []
[2026-01-17T14:25:19.884Z] QUERY: SELECT COUNT(*) FROM "Unit" WHERE "status" = $1 | PARAMS: ["occupied"]
[2026-01-17T14:25:20.199Z] QUERY: SELECT COUNT(*) FROM "Maintenance" WHERE "status" = $1 | PARAMS: ["pending"]
[2026-01-17T14:25:20.495Z] QUERY: SELECT COUNT(*) FROM "Request" WHERE "status" = $1 | PARAMS: ["pending"]
[2026-01-17T14:25:20.802Z] QUERY: SELECT COUNT(*) FROM "Property" WHERE "type" IN ($1, $2, $3, $4, $5, $6) | PARAMS: ["Land","Land for Sale","Commercial Land","Residential Land","Farm Land","Investment Land"]
[2026-01-17T14:25:21.109Z] QUERY: SELECT * FROM "Payment" WHERE "status" = $1 | PARAMS: ["paid"]
[2026-01-17T14:25:21.417Z] QUERY: SELECT * FROM "Expense" | PARAMS: []
[2026-01-17T14:25:26.907Z] QUERY: SELECT * FROM "Property" | PARAMS: []
[2026-01-17T14:25:27.147Z] QUERY: SELECT * FROM "Property" | PARAMS: []
[2026-01-17T14:25:28.333Z] QUERY: SELECT * FROM "User" WHERE "id" = $1 LIMIT 1 | PARAMS: ["13216be6-8f34-4d1e-b788-65e3c718f3ba"]
[2026-01-17T14:25:28.361Z] QUERY: SELECT * FROM "Property" | PARAMS: []
[2026-01-17T14:25:28.568Z] QUERY: SELECT * FROM "Unit" | PARAMS: []
[2026-01-17T14:25:28.588Z] QUERY: SELECT * FROM "Property" | PARAMS: []
[2026-01-17T14:25:28.975Z] QUERY: SELECT * FROM "User" WHERE "id" = $1 LIMIT 1 | PARAMS: ["13216be6-8f34-4d1e-b788-65e3c718f3ba"]
[2026-01-17T14:25:29.184Z] QUERY: SELECT * FROM "Unit" | PARAMS: []
[2026-01-17T14:26:11.699Z] QUERY: SELECT * FROM "Property" | PARAMS: []
[2026-01-17T14:26:11.702Z] QUERY: SELECT * FROM "User" WHERE "id" = $1 LIMIT 1 | PARAMS: ["13216be6-8f34-4d1e-b788-65e3c718f3ba"]
[2026-01-17T14:26:11.938Z] QUERY: SELECT * FROM "Unit" | PARAMS: []
[2026-01-18T08:41:41.848Z] QUERY: SELECT * FROM "Property" | PARAMS: []
[2026-01-18T08:41:41.865Z] QUERY: SELECT * FROM "User" WHERE "id" = $1 LIMIT 1 | PARAMS: ["13216be6-8f34-4d1e-b788-65e3c718f3ba"]
[2026-01-18T08:41:42.114Z] QUERY: SELECT * FROM "Unit" | PARAMS: []
[2026-01-18T08:41:42.483Z] QUERY: SELECT * FROM "Property" | PARAMS: []
[2026-01-18T08:41:42.491Z] QUERY: SELECT * FROM "User" WHERE "id" = $1 LIMIT 1 | PARAMS: ["13216be6-8f34-4d1e-b788-65e3c718f3ba"]
[2026-01-18T08:41:42.826Z] QUERY: SELECT * FROM "Unit" | PARAMS: []
[2026-01-18T10:57:03.223Z] QUERY: SELECT * FROM "User" WHERE "id" = $1 LIMIT 1 | PARAMS: ["13216be6-8f34-4d1e-b788-65e3c718f3ba"]
[2026-01-18T10:57:03.473Z] QUERY: SELECT * FROM "Unit" | PARAMS: []
[2026-01-18T10:57:03.558Z] QUERY: SELECT * FROM "Property" | PARAMS: []
[2026-01-18T10:57:03.708Z] QUERY: SELECT * FROM "User" WHERE "id" = $1 LIMIT 1 | PARAMS: ["13216be6-8f34-4d1e-b788-65e3c718f3ba"]
[2026-01-18T10:57:03.810Z] QUERY: SELECT * FROM "Property" | PARAMS: []
[2026-01-18T10:57:04.155Z] QUERY: SELECT * FROM "Unit" | PARAMS: []
[2026-01-18T10:57:04.176Z] QUERY: SELECT * FROM "Property" | PARAMS: []
[2026-01-18T10:57:04.912Z] QUERY: SELECT * FROM "User" WHERE "id" = $1 LIMIT 1 | PARAMS: ["13216be6-8f34-4d1e-b788-65e3c718f3ba"]
[2026-01-18T10:57:04.918Z] QUERY: SELECT * FROM "User" WHERE "id" = $1 LIMIT 1 | PARAMS: ["13216be6-8f34-4d1e-b788-65e3c718f3ba"]
[2026-01-18T10:57:04.921Z] QUERY: SELECT * FROM "User" WHERE "id" = $1 LIMIT 1 | PARAMS: ["13216be6-8f34-4d1e-b788-65e3c718f3ba"]
[2026-01-18T10:57:04.937Z] QUERY: SELECT * FROM "User" WHERE "id" = $1 LIMIT 1 | PARAMS: ["13216be6-8f34-4d1e-b788-65e3c718f3ba"]
[2026-01-18T10:57:04.940Z] QUERY: SELECT * FROM "Property" | PARAMS: []
[2026-01-18T10:57:05.328Z] QUERY: SELECT * FROM "Lease" | PARAMS: []
[2026-01-18T10:57:05.338Z] QUERY: SELECT * FROM "Tenant" | PARAMS: []
[2026-01-18T10:57:05.342Z] QUERY: SELECT * FROM "Guarantor" | PARAMS: []
[2026-01-18T10:57:05.351Z] QUERY: SELECT * FROM "Unit" | PARAMS: []
[2026-01-18T10:57:05.759Z] QUERY: SELECT * FROM "User" WHERE "id" = $1 LIMIT 1 | PARAMS: ["13216be6-8f34-4d1e-b788-65e3c718f3ba"]
[2026-01-18T10:57:05.764Z] QUERY: SELECT * FROM "User" WHERE "id" = $1 LIMIT 1 | PARAMS: ["13216be6-8f34-4d1e-b788-65e3c718f3ba"]
[2026-01-18T10:57:05.773Z] QUERY: SELECT * FROM "User" WHERE "id" = $1 LIMIT 1 | PARAMS: ["13216be6-8f34-4d1e-b788-65e3c718f3ba"]
[2026-01-18T10:57:05.778Z] QUERY: SELECT * FROM "User" WHERE "id" = $1 LIMIT 1 | PARAMS: ["13216be6-8f34-4d1e-b788-65e3c718f3ba"]
[2026-01-18T10:57:06.167Z] QUERY: SELECT * FROM "Guarantor" | PARAMS: []
[2026-01-18T10:57:06.172Z] QUERY: SELECT * FROM "Lease" | PARAMS: []
[2026-01-18T10:57:06.179Z] QUERY: SELECT * FROM "Unit" | PARAMS: []
[2026-01-18T10:57:06.182Z] QUERY: SELECT * FROM "Tenant" | PARAMS: []
[2026-01-18T10:57:10.399Z] QUERY: SELECT * FROM "User" WHERE "id" = $1 LIMIT 1 | PARAMS: ["13216be6-8f34-4d1e-b788-65e3c718f3ba"]
[2026-01-18T10:57:10.446Z] QUERY: SELECT * FROM "User" WHERE "id" = $1 LIMIT 1 | PARAMS: ["13216be6-8f34-4d1e-b788-65e3c718f3ba"]
[2026-01-18T10:57:10.624Z] QUERY: SELECT * FROM "Tenant" | PARAMS: []
[2026-01-18T10:57:10.650Z] QUERY: SELECT * FROM "Unit" | PARAMS: []
[2026-01-18T10:57:10.871Z] QUERY: SELECT * FROM "User" WHERE "id" = $1 LIMIT 1 | PARAMS: ["13216be6-8f34-4d1e-b788-65e3c718f3ba"]
[2026-01-18T10:57:10.874Z] QUERY: SELECT * FROM "User" WHERE "id" = $1 LIMIT 1 | PARAMS: ["13216be6-8f34-4d1e-b788-65e3c718f3ba"]
[2026-01-18T10:57:11.075Z] QUERY: SELECT * FROM "Tenant" | PARAMS: []
[2026-01-18T10:57:11.124Z] QUERY: SELECT * FROM "Unit" | PARAMS: []
[2026-01-18T10:57:17.686Z] QUERY: SELECT * FROM "User" WHERE "id" = $1 LIMIT 1 | PARAMS: ["13216be6-8f34-4d1e-b788-65e3c718f3ba"]
[2026-01-18T10:57:17.738Z] QUERY: SELECT * FROM "User" WHERE "id" = $1 LIMIT 1 | PARAMS: ["13216be6-8f34-4d1e-b788-65e3c718f3ba"]
[2026-01-18T10:57:17.892Z] QUERY: SELECT * FROM "Lease" | PARAMS: []
[2026-01-18T10:57:17.950Z] QUERY: SELECT * FROM "Unit" | PARAMS: []
[2026-01-18T10:57:18.317Z] QUERY: SELECT * FROM "User" WHERE "id" = $1 LIMIT 1 | PARAMS: ["13216be6-8f34-4d1e-b788-65e3c718f3ba"]
[2026-01-18T10:57:18.323Z] QUERY: SELECT * FROM "User" WHERE "id" = $1 LIMIT 1 | PARAMS: ["13216be6-8f34-4d1e-b788-65e3c718f3ba"]
[2026-01-18T10:57:18.530Z] QUERY: SELECT * FROM "Lease" | PARAMS: []
[2026-01-18T10:57:18.535Z] QUERY: SELECT * FROM "Unit" | PARAMS: []
[2026-01-18T10:57:19.215Z] QUERY: SELECT * FROM "User" WHERE "id" = $1 LIMIT 1 | PARAMS: ["13216be6-8f34-4d1e-b788-65e3c718f3ba"]
[2026-01-18T10:57:19.217Z] QUERY: SELECT * FROM "Property" | PARAMS: []
[2026-01-18T10:57:19.223Z] QUERY: SELECT * FROM "User" WHERE "id" = $1 LIMIT 1 | PARAMS: ["13216be6-8f34-4d1e-b788-65e3c718f3ba"]
[2026-01-18T10:57:19.419Z] QUERY: SELECT * FROM "Tenant" | PARAMS: []
[2026-01-18T10:57:19.436Z] QUERY: SELECT * FROM "Guarantor" | PARAMS: []
[2026-01-18T10:57:19.642Z] QUERY: SELECT * FROM "Property" | PARAMS: []
[2026-01-18T10:57:19.728Z] QUERY: SELECT * FROM "User" WHERE "id" = $1 LIMIT 1 | PARAMS: ["13216be6-8f34-4d1e-b788-65e3c718f3ba"]
[2026-01-18T10:57:19.731Z] QUERY: SELECT * FROM "User" WHERE "id" = $1 LIMIT 1 | PARAMS: ["13216be6-8f34-4d1e-b788-65e3c718f3ba"]
[2026-01-18T10:57:19.937Z] QUERY: SELECT * FROM "Guarantor" | PARAMS: []
[2026-01-18T10:57:19.938Z] QUERY: SELECT * FROM "Tenant" | PARAMS: []
